[2024-10-11 13:38:08,806] multiqc                                            [DEBUG  ]  This is MultiQC v1.12
[2024-10-11 13:38:08,807] multiqc                                            [DEBUG  ]  No MultiQC config found: /opt/anaconda/anaconda3/lib/python3.9/site-packages/multiqc_config.yaml
[2024-10-11 13:38:08,807] multiqc                                            [DEBUG  ]  No MultiQC config found: /home/shared/8TB_HDD_02/graceac9/.multiqc_config.yaml
[2024-10-11 13:38:08,807] multiqc                                            [DEBUG  ]  No MultiQC config found: multiqc_config.yaml
[2024-10-11 13:38:08,807] multiqc                                            [DEBUG  ]  Command used: /opt/anaconda/anaconda3/bin/multiqc ../analyses/20-hisat2/2022/ -o ../analyses/20-hisat2/multiqc2022/
[2024-10-11 13:38:09,640] multiqc                                            [WARNING]  MultiQC Version v1.25.1 now available!
[2024-10-11 13:38:09,641] multiqc                                            [DEBUG  ]  Command     : /opt/anaconda/anaconda3/bin/multiqc ../analyses/20-hisat2/2022/ -o ../analyses/20-hisat2/multiqc2022/
[2024-10-11 13:38:09,641] multiqc                                            [DEBUG  ]  Working dir : /home/shared/8TB_HDD_02/graceac9/GitHub/paper-pycno-sswd-2021-2022/code
[2024-10-11 13:38:09,641] multiqc                                            [DEBUG  ]  Template    : default
[2024-10-11 13:38:09,641] multiqc                                            [DEBUG  ]  Running Python 3.9.7 (default, Sep 16 2021, 13:09:58)  [GCC 7.5.0]
[2024-10-11 13:38:09,642] multiqc                                            [DEBUG  ]  Analysing modules: custom_content, ccs, ngsderive, purple, conpair, lima, peddy, somalier, methylQA, mosdepth, phantompeakqualtools, qualimap, preseq, quast, qorts, rna_seqc, rockhopper, rsem, rseqc, busco, bustools, goleft_indexcov, gffcompare, disambiguate, supernova, deeptools, sargasso, verifybamid, mirtrace, happy, mirtop, sambamba, homer, hops, macs2, theta2, snpeff, gatk, htseq, bcftools, featureCounts, fgbio, dragen, dedup, pbmarkdup, damageprofiler, biobambam2, jcvi, mtnucratio, picard, vep, sentieon, prokka, qc3C, nanostat, samblaster, samtools, sexdeterrmine, eigenstratdatabasetools, bamtools, jellyfish, vcftools, longranger, stacks, varscan2, snippy, bbmap, bismark, biscuit, hicexplorer, hicup, hicpro, salmon, kallisto, slamdunk, star, hisat2, tophat, bowtie2, bowtie1, snpsplit, odgi, pangolin, kat, leehom, adapterRemoval, clipandmerge, cutadapt, flexbar, kaiju, kraken, malt, trimmomatic, sickle, skewer, sortmerna, biobloomtools, fastq_screen, afterqc, fastp, fastqc, pychopper, pycoqc, minionqc, multivcfanalyzer, clusterflow, checkqc, bcl2fastq, bclconvert, interop, ivar, flash, seqyclean, optitype, whatshap
[2024-10-11 13:38:09,642] multiqc                                            [DEBUG  ]  Using temporary directory for creating report: /tmp/tmpkygv3o6y
[2024-10-11 13:38:10,080] multiqc                                            [INFO   ]  Search path : /home/shared/8TB_HDD_02/graceac9/GitHub/paper-pycno-sswd-2021-2022/analyses/20-hisat2/2022
[2024-10-11 13:38:10,097] multiqc                                            [DEBUG  ]  Ignoring file as matched an ignore pattern: PSC-0188.sorted.bam.bai
[2024-10-11 13:38:10,097] multiqc                                            [DEBUG  ]  Ignoring file as matched an ignore pattern: PSC-0095.gtf
[2024-10-11 13:38:10,097] multiqc                                            [DEBUG  ]  Ignoring file as matched an ignore pattern: PSC-0149.sam
[2024-10-11 13:38:10,097] multiqc                                            [DEBUG  ]  Ignoring file as matched an ignore pattern: PSC-0174.bam
[2024-10-11 13:38:10,097] multiqc                                            [DEBUG  ]  Ignoring file as matched an ignore pattern: PSC-0156.gtf
[2024-10-11 13:38:10,098] multiqc                                            [DEBUG  ]  Ignoring file as matched an ignore pattern: PSC-0105.gtf
[2024-10-11 13:38:10,098] multiqc                                            [DEBUG  ]  Ignoring file as matched an ignore pattern: PSC-0090.bam
[2024-10-11 13:38:10,098] multiqc                                            [DEBUG  ]  Ignoring file as matched an ignore pattern: PSC-0090.sam
[2024-10-11 13:38:10,098] multiqc                                            [DEBUG  ]  Ignoring file as matched an ignore pattern: PSC-0231.sorted.bam
[2024-10-11 13:38:10,098] multiqc                                            [DEBUG  ]  Ignoring file as matched an ignore pattern: PSC-0099.sam
[2024-10-11 13:38:10,098] multiqc                                            [DEBUG  ]  Ignoring file as matched an ignore pattern: PSC-0149.sorted.bam
[2024-10-11 13:38:10,098] multiqc                                            [DEBUG  ]  Ignoring file as matched an ignore pattern: PSC-0118.bam
[2024-10-11 13:38:10,098] multiqc                                            [DEBUG  ]  Ignoring file as matched an ignore pattern: PSC-0156.bam
[2024-10-11 13:38:10,098] multiqc                                            [DEBUG  ]  Ignoring file as matched an ignore pattern: PSC-0203.sorted.bam
[2024-10-11 13:38:10,124] multiqc                                            [DEBUG  ]  Ignoring file as matched an ignore pattern: PSC-0132.sam
[2024-10-11 13:38:10,124] multiqc                                            [DEBUG  ]  Ignoring file as matched an ignore pattern: PSC-0217.bam
[2024-10-11 13:38:10,124] multiqc                                            [DEBUG  ]  Ignoring file as matched an ignore pattern: PSC-0087.sorted.bam
[2024-10-11 13:38:10,124] multiqc                                            [DEBUG  ]  Ignoring file as matched an ignore pattern: PSC-0198.sorted.bam
[2024-10-11 13:38:10,128] multiqc                                            [DEBUG  ]  Ignoring file as matched an ignore pattern: PSC-0190.sam
[2024-10-11 13:38:10,128] multiqc                                            [DEBUG  ]  Ignoring file as matched an ignore pattern: PSC-0087.sorted.bam.bai
[2024-10-11 13:38:10,132] multiqc                                            [DEBUG  ]  Ignoring file as matched an ignore pattern: PSC-0096.sam
[2024-10-11 13:38:10,132] multiqc                                            [DEBUG  ]  Ignoring file as matched an ignore pattern: PSC-0206.gtf
[2024-10-11 13:38:10,132] multiqc                                            [DEBUG  ]  Ignoring file as matched an ignore pattern: PSC-0228.bam
[2024-10-11 13:38:10,136] multiqc                                            [DEBUG  ]  Ignoring file as matched an ignore pattern: PSC-0095.sam
[2024-10-11 13:38:10,139] multiqc                                            [DEBUG  ]  Ignoring file as matched an ignore pattern: PSC-0156.sorted.bam.bai
[2024-10-11 13:38:10,139] multiqc                                            [DEBUG  ]  Ignoring file as matched an ignore pattern: PSC-0090.gtf
[2024-10-11 13:38:10,139] multiqc                                            [DEBUG  ]  Ignoring file as matched an ignore pattern: PSC-0085.bam
[2024-10-11 13:38:10,139] multiqc                                            [DEBUG  ]  Ignoring file as matched an ignore pattern: PSC-0090.sorted.bam.bai
[2024-10-11 13:38:10,139] multiqc                                            [DEBUG  ]  Ignoring file as matched an ignore pattern: PSC-0209.gtf
[2024-10-11 13:38:10,139] multiqc                                            [DEBUG  ]  Ignoring file as matched an ignore pattern: PSC-0209.sorted.bam
[2024-10-11 13:38:10,140] multiqc                                            [DEBUG  ]  Ignoring file as matched an ignore pattern: PSC-0203.gtf
[2024-10-11 13:38:10,143] multiqc                                            [DEBUG  ]  Ignoring file as matched an ignore pattern: PSC-0118.sorted.bam
[2024-10-11 13:38:10,143] multiqc                                            [DEBUG  ]  Ignoring file as matched an ignore pattern: PSC-0203.bam
[2024-10-11 13:38:10,147] multiqc                                            [DEBUG  ]  Ignoring file as matched an ignore pattern: PSC-0118.gtf
[2024-10-11 13:38:10,147] multiqc                                            [DEBUG  ]  Ignoring file as matched an ignore pattern: PSC-0202.sorted.bam
[2024-10-11 13:38:10,147] multiqc                                            [DEBUG  ]  Ignoring file as matched an ignore pattern: PSC-0186.sorted.bam
[2024-10-11 13:38:10,147] multiqc                                            [DEBUG  ]  Ignoring file as matched an ignore pattern: PSC-0095.bam
[2024-10-11 13:38:10,147] multiqc                                            [DEBUG  ]  Ignoring file as matched an ignore pattern: PSC-0119.sorted.bam.bai
[2024-10-11 13:38:10,147] multiqc                                            [DEBUG  ]  Ignoring file as matched an ignore pattern: PSC-0177.sam
[2024-10-11 13:38:10,147] multiqc                                            [DEBUG  ]  Ignoring file as matched an ignore pattern: PSC-0235.sorted.bam
[2024-10-11 13:38:10,147] multiqc                                            [DEBUG  ]  Ignoring file as matched an ignore pattern: PSC-0132.sorted.bam.bai
[2024-10-11 13:38:10,158] multiqc                                            [DEBUG  ]  Ignoring file as matched an ignore pattern: PSC-0209.sam
[2024-10-11 13:38:10,162] multiqc                                            [DEBUG  ]  Ignoring file as matched an ignore pattern: PSC-0093.sorted.bam
[2024-10-11 13:38:10,162] multiqc                                            [DEBUG  ]  Ignoring file as matched an ignore pattern: PSC-0206.bam
[2024-10-11 13:38:10,165] multiqc                                            [DEBUG  ]  Ignoring file as matched an ignore pattern: PSC-0156.sorted.bam
[2024-10-11 13:38:10,169] multiqc                                            [DEBUG  ]  Ignoring file as matched an ignore pattern: PSC-0132.bam
[2024-10-11 13:38:10,172] multiqc                                            [DEBUG  ]  Ignoring file as matched an ignore pattern: PSC-0231.bam
[2024-10-11 13:38:10,172] multiqc                                            [DEBUG  ]  Ignoring file as matched an ignore pattern: PSC-0206.sam
[2024-10-11 13:38:10,172] multiqc                                            [DEBUG  ]  Ignoring file as matched an ignore pattern: PSC-0093.sam
[2024-10-11 13:38:10,172] multiqc                                            [DEBUG  ]  Ignoring file as matched an ignore pattern: PSC-0085.sorted.bam.bai
[2024-10-11 13:38:10,172] multiqc                                            [DEBUG  ]  Ignoring file as matched an ignore pattern: PSC-0219.sorted.bam
[2024-10-11 13:38:10,176] multiqc                                            [DEBUG  ]  Ignoring file as matched an ignore pattern: PSC-0090.sorted.bam
[2024-10-11 13:38:10,176] multiqc                                            [DEBUG  ]  Ignoring file as matched an ignore pattern: PSC-0202.bam
[2024-10-11 13:38:10,176] multiqc                                            [DEBUG  ]  Ignoring file as matched an ignore pattern: PSC-0177.bam
[2024-10-11 13:38:10,176] multiqc                                            [DEBUG  ]  Ignoring file as matched an ignore pattern: PSC-0202.gtf
[2024-10-11 13:38:10,176] multiqc                                            [DEBUG  ]  Ignoring file as matched an ignore pattern: PSC-0105.sorted.bam.bai
[2024-10-11 13:38:10,180] multiqc                                            [DEBUG  ]  Ignoring file as matched an ignore pattern: PSC-0198.sam
[2024-10-11 13:38:10,180] multiqc                                            [DEBUG  ]  Ignoring file as matched an ignore pattern: PSC-0105.sam
[2024-10-11 13:38:10,180] multiqc                                            [DEBUG  ]  Ignoring file as matched an ignore pattern: PSC-0190.sorted.bam
[2024-10-11 13:38:10,180] multiqc                                            [DEBUG  ]  Ignoring file as matched an ignore pattern: PSC-0186.gtf
[2024-10-11 13:38:10,180] multiqc                                            [DEBUG  ]  Ignoring file as matched an ignore pattern: PSC-0096.sorted.bam.bai
[2024-10-11 13:38:10,180] multiqc                                            [DEBUG  ]  Ignoring file as matched an ignore pattern: PSC-0203.sam
[2024-10-11 13:38:10,180] multiqc                                            [DEBUG  ]  Ignoring file as matched an ignore pattern: PSC-0132.gtf
[2024-10-11 13:38:10,180] multiqc                                            [DEBUG  ]  Ignoring file as matched an ignore pattern: PSC-0150.bam
[2024-10-11 13:38:10,180] multiqc                                            [DEBUG  ]  Ignoring file as matched an ignore pattern: PSC-0099.gtf
[2024-10-11 13:38:10,180] multiqc                                            [DEBUG  ]  Ignoring file as matched an ignore pattern: PSC-0141.sorted.bam
[2024-10-11 13:38:10,187] multiqc                                            [DEBUG  ]  Ignoring file as matched an ignore pattern: PSC-0188.bam
[2024-10-11 13:38:10,187] multiqc                                            [DEBUG  ]  Ignoring file as matched an ignore pattern: PSC-0174.sorted.bam.bai
[2024-10-11 13:38:10,187] multiqc                                            [DEBUG  ]  Ignoring file as matched an ignore pattern: PSC-0187.bam
[2024-10-11 13:38:10,187] multiqc                                            [DEBUG  ]  Ignoring file as matched an ignore pattern: PSC-0093.bam
[2024-10-11 13:38:10,187] multiqc                                            [DEBUG  ]  Ignoring file as matched an ignore pattern: PSC-0174.sorted.bam
[2024-10-11 13:38:10,187] multiqc                                            [DEBUG  ]  Ignoring file as matched an ignore pattern: PSC-0235.sam
[2024-10-11 13:38:10,187] multiqc                                            [DEBUG  ]  Ignoring file as matched an ignore pattern: PSC-0188.gtf
[2024-10-11 13:38:10,187] multiqc                                            [DEBUG  ]  Ignoring file as matched an ignore pattern: PSC-0217.sorted.bam.bai
[2024-10-11 13:38:10,187] multiqc                                            [DEBUG  ]  Ignoring file as matched an ignore pattern: PSC-0187.sorted.bam
[2024-10-11 13:38:10,187] multiqc                                            [DEBUG  ]  Ignoring file as matched an ignore pattern: PSC-0206.sorted.bam.bai
[2024-10-11 13:38:10,187] multiqc                                            [DEBUG  ]  Ignoring file as matched an ignore pattern: PSC-0231.sorted.bam.bai
[2024-10-11 13:38:10,187] multiqc                                            [DEBUG  ]  Ignoring file as matched an ignore pattern: PSC-0230.sam
[2024-10-11 13:38:10,192] multiqc                                            [DEBUG  ]  File ignored by ccs/v4 because it exceeded search pattern filesize limit: i_data.ctab
[2024-10-11 13:38:10,193] multiqc                                            [DEBUG  ]  File ignored by hicexplorer because it exceeded search pattern filesize limit: i_data.ctab
[2024-10-11 13:38:10,193] multiqc                                            [DEBUG  ]  File ignored by lima/summary because it exceeded search pattern filesize limit: i_data.ctab
[2024-10-11 13:38:10,194] multiqc                                            [DEBUG  ]  File ignored by vep/vep_html because it exceeded search pattern filesize limit: i_data.ctab
[2024-10-11 13:38:10,194] multiqc                                            [DEBUG  ]  File ignored by vep/vep_txt because it exceeded search pattern filesize limit: i_data.ctab
[2024-10-11 13:38:10,194] multiqc                                            [DEBUG  ]  File ignored by longranger/invocation because it exceeded search pattern filesize limit: i_data.ctab
[2024-10-11 13:38:10,194] multiqc                                            [DEBUG  ]  File ignored by rockhopper because it exceeded search pattern filesize limit: i_data.ctab
[2024-10-11 13:38:10,194] multiqc                                            [DEBUG  ]  File ignored by rseqc/bam_stat because it exceeded search pattern filesize limit: i_data.ctab
[2024-10-11 13:38:10,194] multiqc                                            [DEBUG  ]  File ignored by rseqc/junction_annotation because it exceeded search pattern filesize limit: i_data.ctab
[2024-10-11 13:38:10,194] multiqc                                            [DEBUG  ]  File ignored by rseqc/read_distribution because it exceeded search pattern filesize limit: i_data.ctab
[2024-10-11 13:38:10,194] multiqc                                            [DEBUG  ]  File ignored by rseqc/infer_experiment because it exceeded search pattern filesize limit: i_data.ctab
[2024-10-11 13:38:10,194] multiqc                                            [DEBUG  ]  File ignored by snpeff because it exceeded search pattern filesize limit: i_data.ctab
[2024-10-11 13:38:10,194] multiqc                                            [DEBUG  ]  File ignored by stacks/sumstats because it exceeded search pattern filesize limit: i_data.ctab
[2024-10-11 13:38:11,840] multiqc                                            [DEBUG  ]  File ignored by nanostat because it exceeded search pattern filesize limit: i_data.ctab
[2024-10-11 13:38:11,933] multiqc                                            [DEBUG  ]  Ignoring file as matched an ignore pattern: PSC-0198.bam
[2024-10-11 13:38:11,933] multiqc                                            [DEBUG  ]  Ignoring file as matched an ignore pattern: PSC-0099.sorted.bam
[2024-10-11 13:38:11,937] multiqc                                            [DEBUG  ]  Ignoring file as matched an ignore pattern: PSC-0093.gtf
[2024-10-11 13:38:11,937] multiqc                                            [DEBUG  ]  Ignoring file as matched an ignore pattern: PSC-0087.gtf
[2024-10-11 13:38:11,937] multiqc                                            [DEBUG  ]  Ignoring file as matched an ignore pattern: PSC-0149.gtf
[2024-10-11 13:38:11,937] multiqc                                            [DEBUG  ]  Ignoring file as matched an ignore pattern: PSC-0177.sorted.bam
[2024-10-11 13:38:11,937] multiqc                                            [DEBUG  ]  Ignoring file as matched an ignore pattern: PSC-0085.sorted.bam
[2024-10-11 13:38:11,937] multiqc                                            [DEBUG  ]  Ignoring file as matched an ignore pattern: PSC-0150.sam
[2024-10-11 13:38:11,941] multiqc                                            [DEBUG  ]  Ignoring file as matched an ignore pattern: PSC-0219.sorted.bam.bai
[2024-10-11 13:38:11,941] multiqc                                            [DEBUG  ]  Ignoring file as matched an ignore pattern: PSC-0174.sam
[2024-10-11 13:38:11,941] multiqc                                            [DEBUG  ]  Ignoring file as matched an ignore pattern: PSC-0093.sorted.bam.bai
[2024-10-11 13:38:11,941] multiqc                                            [DEBUG  ]  Ignoring file as matched an ignore pattern: PSC-0177.gtf
[2024-10-11 13:38:11,941] multiqc                                            [DEBUG  ]  Ignoring file as matched an ignore pattern: PSC-0206.sorted.bam
[2024-10-11 13:38:11,941] multiqc                                            [DEBUG  ]  Ignoring file as matched an ignore pattern: PSC-0230.sorted.bam
[2024-10-11 13:38:11,945] multiqc                                            [DEBUG  ]  Ignoring file as matched an ignore pattern: PSC-0132.sorted.bam
[2024-10-11 13:38:11,945] multiqc                                            [DEBUG  ]  Ignoring file as matched an ignore pattern: PSC-0228.sam
[2024-10-11 13:38:11,946] multiqc                                            [DEBUG  ]  File ignored by ccs/v4 because it exceeded search pattern filesize limit: i2t.ctab
[2024-10-11 13:38:11,946] multiqc                                            [DEBUG  ]  File ignored by hicexplorer because it exceeded search pattern filesize limit: i2t.ctab
[2024-10-11 13:38:11,946] multiqc                                            [DEBUG  ]  File ignored by lima/summary because it exceeded search pattern filesize limit: i2t.ctab
[2024-10-11 13:38:11,947] multiqc                                            [DEBUG  ]  File ignored by vep/vep_html because it exceeded search pattern filesize limit: i2t.ctab
[2024-10-11 13:38:11,947] multiqc                                            [DEBUG  ]  File ignored by vep/vep_txt because it exceeded search pattern filesize limit: i2t.ctab
[2024-10-11 13:38:11,947] multiqc                                            [DEBUG  ]  File ignored by longranger/invocation because it exceeded search pattern filesize limit: i2t.ctab
[2024-10-11 13:38:11,947] multiqc                                            [DEBUG  ]  File ignored by rockhopper because it exceeded search pattern filesize limit: i2t.ctab
[2024-10-11 13:38:11,947] multiqc                                            [DEBUG  ]  File ignored by rseqc/bam_stat because it exceeded search pattern filesize limit: i2t.ctab
[2024-10-11 13:38:11,947] multiqc                                            [DEBUG  ]  File ignored by rseqc/junction_annotation because it exceeded search pattern filesize limit: i2t.ctab
[2024-10-11 13:38:11,947] multiqc                                            [DEBUG  ]  File ignored by rseqc/read_distribution because it exceeded search pattern filesize limit: i2t.ctab
[2024-10-11 13:38:11,947] multiqc                                            [DEBUG  ]  File ignored by rseqc/infer_experiment because it exceeded search pattern filesize limit: i2t.ctab
[2024-10-11 13:38:11,978] multiqc                                            [DEBUG  ]  File ignored by stacks/sumstats because it exceeded search pattern filesize limit: i2t.ctab
[2024-10-11 13:38:13,596] multiqc                                            [DEBUG  ]  File ignored by nanostat because it exceeded search pattern filesize limit: i2t.ctab
[2024-10-11 13:38:13,692] multiqc                                            [DEBUG  ]  Ignoring file as matched an ignore pattern: PSC-0141.sam
[2024-10-11 13:38:13,692] multiqc                                            [DEBUG  ]  Ignoring file as matched an ignore pattern: PSC-0095.sorted.bam.bai
[2024-10-11 13:38:13,692] multiqc                                            [DEBUG  ]  Ignoring file as matched an ignore pattern: PSC-0087.bam
[2024-10-11 13:38:13,695] multiqc                                            [DEBUG  ]  Ignoring file as matched an ignore pattern: PSC-0230.bam
[2024-10-11 13:38:13,696] multiqc                                            [DEBUG  ]  Ignoring file as matched an ignore pattern: PSC-0141.sorted.bam.bai
[2024-10-11 13:38:13,699] multiqc                                            [DEBUG  ]  Ignoring file as matched an ignore pattern: PSC-0217.sorted.bam
[2024-10-11 13:38:13,699] multiqc                                            [DEBUG  ]  Ignoring file as matched an ignore pattern: PSC-0228.sorted.bam.bai
[2024-10-11 13:38:13,699] multiqc                                            [DEBUG  ]  Ignoring file as matched an ignore pattern: PSC-0219.bam
[2024-10-11 13:38:13,699] multiqc                                            [DEBUG  ]  Ignoring file as matched an ignore pattern: PSC-0141.gtf
[2024-10-11 13:38:13,699] multiqc                                            [DEBUG  ]  Ignoring file as matched an ignore pattern: PSC-0150.sorted.bam
[2024-10-11 13:38:13,699] multiqc                                            [DEBUG  ]  Ignoring file as matched an ignore pattern: PSC-0105.sorted.bam
[2024-10-11 13:38:13,699] multiqc                                            [DEBUG  ]  Ignoring file as matched an ignore pattern: PSC-0190.bam
[2024-10-11 13:38:13,699] multiqc                                            [DEBUG  ]  Ignoring file as matched an ignore pattern: PSC-0156.sam
[2024-10-11 13:38:13,700] multiqc                                            [DEBUG  ]  Ignoring file as matched an ignore pattern: PSC-0118.sorted.bam.bai
[2024-10-11 13:38:13,700] multiqc                                            [DEBUG  ]  Ignoring file as matched an ignore pattern: PSC-0174.gtf
[2024-10-11 13:38:13,700] multiqc                                            [DEBUG  ]  Ignoring file as matched an ignore pattern: PSC-0235.sorted.bam.bai
[2024-10-11 13:38:13,700] multiqc                                            [DEBUG  ]  Ignoring file as matched an ignore pattern: PSC-0096.bam
[2024-10-11 13:38:13,700] multiqc                                            [DEBUG  ]  Ignoring file as matched an ignore pattern: PSC-0217.sam
[2024-10-11 13:38:13,700] multiqc                                            [DEBUG  ]  Ignoring file as matched an ignore pattern: PSC-0119.bam
[2024-10-11 13:38:13,700] multiqc                                            [DEBUG  ]  Ignoring file as matched an ignore pattern: PSC-0209.sorted.bam.bai
[2024-10-11 13:38:13,700] multiqc                                            [DEBUG  ]  Ignoring file as matched an ignore pattern: PSC-0188.sam
[2024-10-11 13:38:13,700] multiqc                                            [DEBUG  ]  Ignoring file as matched an ignore pattern: PSC-0095.sorted.bam
[2024-10-11 13:38:13,700] multiqc                                            [DEBUG  ]  Ignoring file as matched an ignore pattern: PSC-0099.bam
[2024-10-11 13:38:13,700] multiqc                                            [DEBUG  ]  Ignoring file as matched an ignore pattern: PSC-0118.sam
[2024-10-11 13:38:13,703] multiqc                                            [DEBUG  ]  Ignoring file as matched an ignore pattern: PSC-0150.gtf
[2024-10-11 13:38:13,704] multiqc                                            [DEBUG  ]  Ignoring file as matched an ignore pattern: PSC-0219.sam
[2024-10-11 13:38:13,704] multiqc                                            [DEBUG  ]  Ignoring file as matched an ignore pattern: PSC-0202.sorted.bam.bai
[2024-10-11 13:38:13,704] multiqc                                            [DEBUG  ]  Ignoring file as matched an ignore pattern: PSC-0230.sorted.bam.bai
[2024-10-11 13:38:13,704] multiqc                                            [DEBUG  ]  Ignoring file as matched an ignore pattern: PSC-0141.bam
[2024-10-11 13:38:13,704] multiqc                                            [DEBUG  ]  Ignoring file as matched an ignore pattern: PSC-0150.sorted.bam.bai
[2024-10-11 13:38:13,704] multiqc                                            [DEBUG  ]  Ignoring file as matched an ignore pattern: PSC-0198.sorted.bam.bai
[2024-10-11 13:38:13,704] multiqc                                            [DEBUG  ]  Ignoring file as matched an ignore pattern: PSC-0186.sam
[2024-10-11 13:38:13,707] multiqc                                            [DEBUG  ]  Ignoring file as matched an ignore pattern: PSC-0235.bam
[2024-10-11 13:38:13,707] multiqc                                            [DEBUG  ]  Ignoring file as matched an ignore pattern: PSC-0217.gtf
[2024-10-11 13:38:13,709] multiqc                                            [DEBUG  ]  File ignored by ccs/v4 because it exceeded search pattern filesize limit: t_data.ctab
[2024-10-11 13:38:13,709] multiqc                                            [DEBUG  ]  File ignored by hicexplorer because it exceeded search pattern filesize limit: t_data.ctab
[2024-10-11 13:38:13,709] multiqc                                            [DEBUG  ]  File ignored by lima/summary because it exceeded search pattern filesize limit: t_data.ctab
[2024-10-11 13:38:13,710] multiqc                                            [DEBUG  ]  File ignored by vep/vep_html because it exceeded search pattern filesize limit: t_data.ctab
[2024-10-11 13:38:13,710] multiqc                                            [DEBUG  ]  File ignored by vep/vep_txt because it exceeded search pattern filesize limit: t_data.ctab
[2024-10-11 13:38:13,710] multiqc                                            [DEBUG  ]  File ignored by longranger/invocation because it exceeded search pattern filesize limit: t_data.ctab
[2024-10-11 13:38:13,710] multiqc                                            [DEBUG  ]  File ignored by rockhopper because it exceeded search pattern filesize limit: t_data.ctab
[2024-10-11 13:38:13,710] multiqc                                            [DEBUG  ]  File ignored by rseqc/bam_stat because it exceeded search pattern filesize limit: t_data.ctab
[2024-10-11 13:38:13,710] multiqc                                            [DEBUG  ]  File ignored by rseqc/junction_annotation because it exceeded search pattern filesize limit: t_data.ctab
[2024-10-11 13:38:13,710] multiqc                                            [DEBUG  ]  File ignored by rseqc/read_distribution because it exceeded search pattern filesize limit: t_data.ctab
[2024-10-11 13:38:13,710] multiqc                                            [DEBUG  ]  File ignored by rseqc/infer_experiment because it exceeded search pattern filesize limit: t_data.ctab
[2024-10-11 13:38:13,717] multiqc                                            [DEBUG  ]  File ignored by stacks/sumstats because it exceeded search pattern filesize limit: t_data.ctab
[2024-10-11 13:38:14,056] multiqc                                            [DEBUG  ]  File ignored by nanostat because it exceeded search pattern filesize limit: t_data.ctab
[2024-10-11 13:38:14,074] multiqc                                            [DEBUG  ]  Ignoring file as matched an ignore pattern: PSC-0228.sorted.bam
[2024-10-11 13:38:14,074] multiqc                                            [DEBUG  ]  Ignoring file as matched an ignore pattern: PSC-0105.bam
[2024-10-11 13:38:14,074] multiqc                                            [DEBUG  ]  Ignoring file as matched an ignore pattern: PSC-0198.gtf
[2024-10-11 13:38:14,074] multiqc                                            [DEBUG  ]  Ignoring file as matched an ignore pattern: PSC-0231.sam
[2024-10-11 13:38:14,078] multiqc                                            [DEBUG  ]  Ignoring file as matched an ignore pattern: PSC-0190.gtf
[2024-10-11 13:38:14,078] multiqc                                            [DEBUG  ]  Ignoring file as matched an ignore pattern: PSC-0085.sam
[2024-10-11 13:38:14,080] multiqc                                            [DEBUG  ]  File ignored by ccs/v4 because it exceeded search pattern filesize limit: e2t.ctab
[2024-10-11 13:38:14,080] multiqc                                            [DEBUG  ]  File ignored by hicexplorer because it exceeded search pattern filesize limit: e2t.ctab
[2024-10-11 13:38:14,080] multiqc                                            [DEBUG  ]  File ignored by lima/summary because it exceeded search pattern filesize limit: e2t.ctab
[2024-10-11 13:38:14,081] multiqc                                            [DEBUG  ]  File ignored by vep/vep_html because it exceeded search pattern filesize limit: e2t.ctab
[2024-10-11 13:38:14,081] multiqc                                            [DEBUG  ]  File ignored by vep/vep_txt because it exceeded search pattern filesize limit: e2t.ctab
[2024-10-11 13:38:14,081] multiqc                                            [DEBUG  ]  File ignored by longranger/invocation because it exceeded search pattern filesize limit: e2t.ctab
[2024-10-11 13:38:14,081] multiqc                                            [DEBUG  ]  File ignored by rockhopper because it exceeded search pattern filesize limit: e2t.ctab
[2024-10-11 13:38:14,081] multiqc                                            [DEBUG  ]  File ignored by rseqc/bam_stat because it exceeded search pattern filesize limit: e2t.ctab
[2024-10-11 13:38:14,081] multiqc                                            [DEBUG  ]  File ignored by rseqc/junction_annotation because it exceeded search pattern filesize limit: e2t.ctab
[2024-10-11 13:38:14,081] multiqc                                            [DEBUG  ]  File ignored by rseqc/read_distribution because it exceeded search pattern filesize limit: e2t.ctab
[2024-10-11 13:38:14,081] multiqc                                            [DEBUG  ]  File ignored by rseqc/infer_experiment because it exceeded search pattern filesize limit: e2t.ctab
[2024-10-11 13:38:14,117] multiqc                                            [DEBUG  ]  File ignored by stacks/sumstats because it exceeded search pattern filesize limit: e2t.ctab
[2024-10-11 13:38:15,989] multiqc                                            [DEBUG  ]  File ignored by nanostat because it exceeded search pattern filesize limit: e2t.ctab
[2024-10-11 13:38:16,104] multiqc                                            [DEBUG  ]  Ignoring file as matched an ignore pattern: PSC-0219.gtf
[2024-10-11 13:38:16,105] multiqc                                            [DEBUG  ]  Ignoring file as matched an ignore pattern: PSC-0190.sorted.bam.bai
[2024-10-11 13:38:16,105] multiqc                                            [DEBUG  ]  Ignoring file as matched an ignore pattern: PSC-0187.sorted.bam.bai
[2024-10-11 13:38:16,105] multiqc                                            [DEBUG  ]  Ignoring file as matched an ignore pattern: PSC-0202.sam
[2024-10-11 13:38:16,105] multiqc                                            [DEBUG  ]  Ignoring file as matched an ignore pattern: PSC-0187.gtf
[2024-10-11 13:38:16,105] multiqc                                            [DEBUG  ]  Ignoring file as matched an ignore pattern: PSC-0085.gtf
[2024-10-11 13:38:16,112] multiqc                                            [DEBUG  ]  Ignoring file as matched an ignore pattern: PSC-0186.bam
[2024-10-11 13:38:16,112] multiqc                                            [DEBUG  ]  Ignoring file as matched an ignore pattern: PSC-0235.gtf
[2024-10-11 13:38:16,112] multiqc                                            [DEBUG  ]  Ignoring file as matched an ignore pattern: PSC-0096.sorted.bam
[2024-10-11 13:38:16,112] multiqc                                            [DEBUG  ]  Ignoring file as matched an ignore pattern: PSC-0119.sam
[2024-10-11 13:38:16,112] multiqc                                            [DEBUG  ]  Ignoring file as matched an ignore pattern: PSC-0177.sorted.bam.bai
[2024-10-11 13:38:16,112] multiqc                                            [DEBUG  ]  Ignoring file as matched an ignore pattern: PSC-0231.gtf
[2024-10-11 13:38:16,112] multiqc                                            [DEBUG  ]  Ignoring file as matched an ignore pattern: PSC-0228.gtf
[2024-10-11 13:38:16,115] multiqc                                            [DEBUG  ]  Ignoring file as matched an ignore pattern: PSC-0087.sam
[2024-10-11 13:38:16,116] multiqc                                            [DEBUG  ]  Ignoring file as matched an ignore pattern: PSC-0230.gtf
[2024-10-11 13:38:16,116] multiqc                                            [DEBUG  ]  Ignoring file as matched an ignore pattern: PSC-0119.gtf
[2024-10-11 13:38:16,116] multiqc                                            [DEBUG  ]  Ignoring file as matched an ignore pattern: PSC-0096.gtf
[2024-10-11 13:38:16,116] multiqc                                            [DEBUG  ]  Ignoring file as matched an ignore pattern: PSC-0188.sorted.bam
[2024-10-11 13:38:16,119] multiqc                                            [DEBUG  ]  Ignoring file as matched an ignore pattern: PSC-0149.sorted.bam.bai
[2024-10-11 13:38:16,119] multiqc                                            [DEBUG  ]  Ignoring file as matched an ignore pattern: PSC-0203.sorted.bam.bai
[2024-10-11 13:38:16,119] multiqc                                            [DEBUG  ]  Ignoring file as matched an ignore pattern: PSC-0119.sorted.bam
[2024-10-11 13:38:16,119] multiqc                                            [DEBUG  ]  Ignoring file as matched an ignore pattern: PSC-0186.sorted.bam.bai
[2024-10-11 13:38:16,119] multiqc                                            [DEBUG  ]  Ignoring file as matched an ignore pattern: PSC-0149.bam
[2024-10-11 13:38:16,119] multiqc                                            [DEBUG  ]  Ignoring file as matched an ignore pattern: PSC-0099.sorted.bam.bai
[2024-10-11 13:38:16,119] multiqc                                            [DEBUG  ]  Ignoring file as matched an ignore pattern: PSC-0187.sam
[2024-10-11 13:38:16,120] multiqc                                            [DEBUG  ]  Ignoring file as matched an ignore pattern: PSC-0209.bam
[2024-10-11 13:38:17,298] multiqc.plots.bargraph                             [DEBUG  ]  Using matplotlib version 3.4.3
[2024-10-11 13:38:17,361] multiqc.modules.bowtie2.bowtie2                    [INFO   ]  Found 32 reports
[2024-10-11 13:38:17,373] multiqc                                            [INFO   ]  Compressing plot data
[2024-10-11 13:38:17,379] multiqc                                            [INFO   ]  Report      : ../analyses/20-hisat2/multiqc2022/multiqc_report.html
[2024-10-11 13:38:17,379] multiqc                                            [INFO   ]  Data        : ../analyses/20-hisat2/multiqc2022/multiqc_data
[2024-10-11 13:38:17,379] multiqc                                            [DEBUG  ]  Moving data file from '/tmp/tmpkygv3o6y/multiqc_data' to '../analyses/20-hisat2/multiqc2022/multiqc_data'
[2024-10-11 13:38:17,539] multiqc                                            [INFO   ]  MultiQC complete
