23469776 reads; of these:
  23469776 (100.00%) were paired; of these:
    5514334 (23.50%) aligned concordantly 0 times
    17417526 (74.21%) aligned concordantly exactly 1 time
    537916 (2.29%) aligned concordantly >1 times
    ----
    5514334 pairs aligned concordantly 0 times; of these:
      56484 (1.02%) aligned discordantly 1 time
    ----
    5457850 pairs aligned 0 times concordantly or discordantly; of these:
      10915700 mates make up the pairs; of these:
        8664793 (79.38%) aligned 0 times
        2120091 (19.42%) aligned exactly 1 time
        130816 (1.20%) aligned >1 times
81.54% overall alignment rate
23607269 reads; of these:
  23607269 (100.00%) were paired; of these:
    6050360 (25.63%) aligned concordantly 0 times
    16910417 (71.63%) aligned concordantly exactly 1 time
    646492 (2.74%) aligned concordantly >1 times
    ----
    6050360 pairs aligned concordantly 0 times; of these:
      52966 (0.88%) aligned discordantly 1 time
    ----
    5997394 pairs aligned 0 times concordantly or discordantly; of these:
      11994788 mates make up the pairs; of these:
        9778827 (81.53%) aligned 0 times
        2083556 (17.37%) aligned exactly 1 time
        132405 (1.10%) aligned >1 times
79.29% overall alignment rate
22748556 reads; of these:
  22748556 (100.00%) were paired; of these:
    6910169 (30.38%) aligned concordantly 0 times
    15323749 (67.36%) aligned concordantly exactly 1 time
    514638 (2.26%) aligned concordantly >1 times
    ----
    6910169 pairs aligned concordantly 0 times; of these:
      54069 (0.78%) aligned discordantly 1 time
    ----
    6856100 pairs aligned 0 times concordantly or discordantly; of these:
      13712200 mates make up the pairs; of these:
        11517590 (84.00%) aligned 0 times
        2066350 (15.07%) aligned exactly 1 time
        128260 (0.94%) aligned >1 times
74.69% overall alignment rate
28383132 reads; of these:
  28383132 (100.00%) were paired; of these:
    25692272 (90.52%) aligned concordantly 0 times
    2622324 (9.24%) aligned concordantly exactly 1 time
    68536 (0.24%) aligned concordantly >1 times
    ----
    25692272 pairs aligned concordantly 0 times; of these:
      7411 (0.03%) aligned discordantly 1 time
    ----
    25684861 pairs aligned 0 times concordantly or discordantly; of these:
      51369722 mates make up the pairs; of these:
        50936461 (99.16%) aligned 0 times
        367008 (0.71%) aligned exactly 1 time
        66253 (0.13%) aligned >1 times
10.27% overall alignment rate
26379746 reads; of these:
  26379746 (100.00%) were paired; of these:
    22463346 (85.15%) aligned concordantly 0 times
    3813349 (14.46%) aligned concordantly exactly 1 time
    103051 (0.39%) aligned concordantly >1 times
    ----
    22463346 pairs aligned concordantly 0 times; of these:
      9851 (0.04%) aligned discordantly 1 time
    ----
    22453495 pairs aligned 0 times concordantly or discordantly; of these:
      44906990 mates make up the pairs; of these:
        44246074 (98.53%) aligned 0 times
        603571 (1.34%) aligned exactly 1 time
        57345 (0.13%) aligned >1 times
16.14% overall alignment rate
21277746 reads; of these:
  21277746 (100.00%) were paired; of these:
    16506305 (77.58%) aligned concordantly 0 times
    4611575 (21.67%) aligned concordantly exactly 1 time
    159866 (0.75%) aligned concordantly >1 times
    ----
    16506305 pairs aligned concordantly 0 times; of these:
      14628 (0.09%) aligned discordantly 1 time
    ----
    16491677 pairs aligned 0 times concordantly or discordantly; of these:
      32983354 mates make up the pairs; of these:
        32219112 (97.68%) aligned 0 times
        683890 (2.07%) aligned exactly 1 time
        80352 (0.24%) aligned >1 times
24.29% overall alignment rate
17154009 reads; of these:
  17154009 (100.00%) were paired; of these:
    15522232 (90.49%) aligned concordantly 0 times
    1594946 (9.30%) aligned concordantly exactly 1 time
    36831 (0.21%) aligned concordantly >1 times
    ----
    15522232 pairs aligned concordantly 0 times; of these:
      4391 (0.03%) aligned discordantly 1 time
    ----
    15517841 pairs aligned 0 times concordantly or discordantly; of these:
      31035682 mates make up the pairs; of these:
        30808556 (99.27%) aligned 0 times
        207691 (0.67%) aligned exactly 1 time
        19435 (0.06%) aligned >1 times
10.20% overall alignment rate
28364962 reads; of these:
  28364962 (100.00%) were paired; of these:
    25367199 (89.43%) aligned concordantly 0 times
    2933271 (10.34%) aligned concordantly exactly 1 time
    64492 (0.23%) aligned concordantly >1 times
    ----
    25367199 pairs aligned concordantly 0 times; of these:
      7258 (0.03%) aligned discordantly 1 time
    ----
    25359941 pairs aligned 0 times concordantly or discordantly; of these:
      50719882 mates make up the pairs; of these:
        50180288 (98.94%) aligned 0 times
        496721 (0.98%) aligned exactly 1 time
        42873 (0.08%) aligned >1 times
11.55% overall alignment rate
22631446 reads; of these:
  22631446 (100.00%) were paired; of these:
    19564003 (86.45%) aligned concordantly 0 times
    2935285 (12.97%) aligned concordantly exactly 1 time
    132158 (0.58%) aligned concordantly >1 times
    ----
    19564003 pairs aligned concordantly 0 times; of these:
      8876 (0.05%) aligned discordantly 1 time
    ----
    19555127 pairs aligned 0 times concordantly or discordantly; of these:
      39110254 mates make up the pairs; of these:
        38452382 (98.32%) aligned 0 times
        570930 (1.46%) aligned exactly 1 time
        86942 (0.22%) aligned >1 times
15.05% overall alignment rate
21152503 reads; of these:
  21152503 (100.00%) were paired; of these:
    18457472 (87.26%) aligned concordantly 0 times
    2633145 (12.45%) aligned concordantly exactly 1 time
    61886 (0.29%) aligned concordantly >1 times
    ----
    18457472 pairs aligned concordantly 0 times; of these:
      6735 (0.04%) aligned discordantly 1 time
    ----
    18450737 pairs aligned 0 times concordantly or discordantly; of these:
      36901474 mates make up the pairs; of these:
        36432108 (98.73%) aligned 0 times
        424246 (1.15%) aligned exactly 1 time
        45120 (0.12%) aligned >1 times
13.88% overall alignment rate
20804015 reads; of these:
  20804015 (100.00%) were paired; of these:
    5290151 (25.43%) aligned concordantly 0 times
    14975746 (71.98%) aligned concordantly exactly 1 time
    538118 (2.59%) aligned concordantly >1 times
    ----
    5290151 pairs aligned concordantly 0 times; of these:
      51255 (0.97%) aligned discordantly 1 time
    ----
    5238896 pairs aligned 0 times concordantly or discordantly; of these:
      10477792 mates make up the pairs; of these:
        8167445 (77.95%) aligned 0 times
        2160979 (20.62%) aligned exactly 1 time
        149368 (1.43%) aligned >1 times
80.37% overall alignment rate
22105954 reads; of these:
  22105954 (100.00%) were paired; of these:
    5143057 (23.27%) aligned concordantly 0 times
    16380372 (74.10%) aligned concordantly exactly 1 time
    582525 (2.64%) aligned concordantly >1 times
    ----
    5143057 pairs aligned concordantly 0 times; of these:
      52298 (1.02%) aligned discordantly 1 time
    ----
    5090759 pairs aligned 0 times concordantly or discordantly; of these:
      10181518 mates make up the pairs; of these:
        7984453 (78.42%) aligned 0 times
        2078640 (20.42%) aligned exactly 1 time
        118425 (1.16%) aligned >1 times
81.94% overall alignment rate
19277387 reads; of these:
  19277387 (100.00%) were paired; of these:
    5183134 (26.89%) aligned concordantly 0 times
    13655320 (70.84%) aligned concordantly exactly 1 time
    438933 (2.28%) aligned concordantly >1 times
    ----
    5183134 pairs aligned concordantly 0 times; of these:
      38434 (0.74%) aligned discordantly 1 time
    ----
    5144700 pairs aligned 0 times concordantly or discordantly; of these:
      10289400 mates make up the pairs; of these:
        8338349 (81.04%) aligned 0 times
        1837059 (17.85%) aligned exactly 1 time
        113992 (1.11%) aligned >1 times
78.37% overall alignment rate
21854798 reads; of these:
  21854798 (100.00%) were paired; of these:
    6057616 (27.72%) aligned concordantly 0 times
    15314529 (70.07%) aligned concordantly exactly 1 time
    482653 (2.21%) aligned concordantly >1 times
    ----
    6057616 pairs aligned concordantly 0 times; of these:
      47047 (0.78%) aligned discordantly 1 time
    ----
    6010569 pairs aligned 0 times concordantly or discordantly; of these:
      12021138 mates make up the pairs; of these:
        9749467 (81.10%) aligned 0 times
        2144279 (17.84%) aligned exactly 1 time
        127392 (1.06%) aligned >1 times
77.69% overall alignment rate
22093640 reads; of these:
  22093640 (100.00%) were paired; of these:
    5710475 (25.85%) aligned concordantly 0 times
    15814784 (71.58%) aligned concordantly exactly 1 time
    568381 (2.57%) aligned concordantly >1 times
    ----
    5710475 pairs aligned concordantly 0 times; of these:
      48806 (0.85%) aligned discordantly 1 time
    ----
    5661669 pairs aligned 0 times concordantly or discordantly; of these:
      11323338 mates make up the pairs; of these:
        9049559 (79.92%) aligned 0 times
        2136913 (18.87%) aligned exactly 1 time
        136866 (1.21%) aligned >1 times
79.52% overall alignment rate
25091718 reads; of these:
  25091718 (100.00%) were paired; of these:
    6183550 (24.64%) aligned concordantly 0 times
    18265918 (72.80%) aligned concordantly exactly 1 time
    642250 (2.56%) aligned concordantly >1 times
    ----
    6183550 pairs aligned concordantly 0 times; of these:
      52797 (0.85%) aligned discordantly 1 time
    ----
    6130753 pairs aligned 0 times concordantly or discordantly; of these:
      12261506 mates make up the pairs; of these:
        9831432 (80.18%) aligned 0 times
        2275971 (18.56%) aligned exactly 1 time
        154103 (1.26%) aligned >1 times
80.41% overall alignment rate
20798136 reads; of these:
  20798136 (100.00%) were paired; of these:
    6237729 (29.99%) aligned concordantly 0 times
    14110762 (67.85%) aligned concordantly exactly 1 time
    449645 (2.16%) aligned concordantly >1 times
    ----
    6237729 pairs aligned concordantly 0 times; of these:
      41626 (0.67%) aligned discordantly 1 time
    ----
    6196103 pairs aligned 0 times concordantly or discordantly; of these:
      12392206 mates make up the pairs; of these:
        10419713 (84.08%) aligned 0 times
        1864347 (15.04%) aligned exactly 1 time
        108146 (0.87%) aligned >1 times
74.95% overall alignment rate
22483440 reads; of these:
  22483440 (100.00%) were paired; of these:
    4945425 (22.00%) aligned concordantly 0 times
    17033592 (75.76%) aligned concordantly exactly 1 time
    504423 (2.24%) aligned concordantly >1 times
    ----
    4945425 pairs aligned concordantly 0 times; of these:
      52214 (1.06%) aligned discordantly 1 time
    ----
    4893211 pairs aligned 0 times concordantly or discordantly; of these:
      9786422 mates make up the pairs; of these:
        7472932 (76.36%) aligned 0 times
        2205103 (22.53%) aligned exactly 1 time
        108387 (1.11%) aligned >1 times
83.38% overall alignment rate
22500789 reads; of these:
  22500789 (100.00%) were paired; of these:
    5729685 (25.46%) aligned concordantly 0 times
    16177506 (71.90%) aligned concordantly exactly 1 time
    593598 (2.64%) aligned concordantly >1 times
    ----
    5729685 pairs aligned concordantly 0 times; of these:
      55988 (0.98%) aligned discordantly 1 time
    ----
    5673697 pairs aligned 0 times concordantly or discordantly; of these:
      11347394 mates make up the pairs; of these:
        8902041 (78.45%) aligned 0 times
        2282554 (20.12%) aligned exactly 1 time
        162799 (1.43%) aligned >1 times
80.22% overall alignment rate
22471547 reads; of these:
  22471547 (100.00%) were paired; of these:
    6060108 (26.97%) aligned concordantly 0 times
    15947908 (70.97%) aligned concordantly exactly 1 time
    463531 (2.06%) aligned concordantly >1 times
    ----
    6060108 pairs aligned concordantly 0 times; of these:
      49706 (0.82%) aligned discordantly 1 time
    ----
    6010402 pairs aligned 0 times concordantly or discordantly; of these:
      12020804 mates make up the pairs; of these:
        9815397 (81.65%) aligned 0 times
        2095816 (17.43%) aligned exactly 1 time
        109591 (0.91%) aligned >1 times
78.16% overall alignment rate
19883194 reads; of these:
  19883194 (100.00%) were paired; of these:
    5323985 (26.78%) aligned concordantly 0 times
    14095020 (70.89%) aligned concordantly exactly 1 time
    464189 (2.33%) aligned concordantly >1 times
    ----
    5323985 pairs aligned concordantly 0 times; of these:
      47546 (0.89%) aligned discordantly 1 time
    ----
    5276439 pairs aligned 0 times concordantly or discordantly; of these:
      10552878 mates make up the pairs; of these:
        8396995 (79.57%) aligned 0 times
        2036297 (19.30%) aligned exactly 1 time
        119586 (1.13%) aligned >1 times
78.88% overall alignment rate
21332723 reads; of these:
  21332723 (100.00%) were paired; of these:
    5344744 (25.05%) aligned concordantly 0 times
    15464609 (72.49%) aligned concordantly exactly 1 time
    523370 (2.45%) aligned concordantly >1 times
    ----
    5344744 pairs aligned concordantly 0 times; of these:
      42177 (0.79%) aligned discordantly 1 time
    ----
    5302567 pairs aligned 0 times concordantly or discordantly; of these:
      10605134 mates make up the pairs; of these:
        8302174 (78.28%) aligned 0 times
        2155773 (20.33%) aligned exactly 1 time
        147187 (1.39%) aligned >1 times
80.54% overall alignment rate
24101501 reads; of these:
  24101501 (100.00%) were paired; of these:
    5988612 (24.85%) aligned concordantly 0 times
    17464650 (72.46%) aligned concordantly exactly 1 time
    648239 (2.69%) aligned concordantly >1 times
    ----
    5988612 pairs aligned concordantly 0 times; of these:
      54337 (0.91%) aligned discordantly 1 time
    ----
    5934275 pairs aligned 0 times concordantly or discordantly; of these:
      11868550 mates make up the pairs; of these:
        9282368 (78.21%) aligned 0 times
        2410146 (20.31%) aligned exactly 1 time
        176036 (1.48%) aligned >1 times
80.74% overall alignment rate
24528314 reads; of these:
  24528314 (100.00%) were paired; of these:
    6840388 (27.89%) aligned concordantly 0 times
    17071530 (69.60%) aligned concordantly exactly 1 time
    616396 (2.51%) aligned concordantly >1 times
    ----
    6840388 pairs aligned concordantly 0 times; of these:
      51474 (0.75%) aligned discordantly 1 time
    ----
    6788914 pairs aligned 0 times concordantly or discordantly; of these:
      13577828 mates make up the pairs; of these:
        11071085 (81.54%) aligned 0 times
        2348090 (17.29%) aligned exactly 1 time
        158653 (1.17%) aligned >1 times
77.43% overall alignment rate
22802409 reads; of these:
  22802409 (100.00%) were paired; of these:
    6306035 (27.66%) aligned concordantly 0 times
    15970089 (70.04%) aligned concordantly exactly 1 time
    526285 (2.31%) aligned concordantly >1 times
    ----
    6306035 pairs aligned concordantly 0 times; of these:
      48719 (0.77%) aligned discordantly 1 time
    ----
    6257316 pairs aligned 0 times concordantly or discordantly; of these:
      12514632 mates make up the pairs; of these:
        10016077 (80.03%) aligned 0 times
        2353200 (18.80%) aligned exactly 1 time
        145355 (1.16%) aligned >1 times
78.04% overall alignment rate
26600124 reads; of these:
  26600124 (100.00%) were paired; of these:
    7250383 (27.26%) aligned concordantly 0 times
    18704579 (70.32%) aligned concordantly exactly 1 time
    645162 (2.43%) aligned concordantly >1 times
    ----
    7250383 pairs aligned concordantly 0 times; of these:
      56551 (0.78%) aligned discordantly 1 time
    ----
    7193832 pairs aligned 0 times concordantly or discordantly; of these:
      14387664 mates make up the pairs; of these:
        11776332 (81.85%) aligned 0 times
        2460981 (17.10%) aligned exactly 1 time
        150351 (1.04%) aligned >1 times
77.86% overall alignment rate
25168443 reads; of these:
  25168443 (100.00%) were paired; of these:
    6615010 (26.28%) aligned concordantly 0 times
    17921290 (71.21%) aligned concordantly exactly 1 time
    632143 (2.51%) aligned concordantly >1 times
    ----
    6615010 pairs aligned concordantly 0 times; of these:
      56983 (0.86%) aligned discordantly 1 time
    ----
    6558027 pairs aligned 0 times concordantly or discordantly; of these:
      13116054 mates make up the pairs; of these:
        10327008 (78.74%) aligned 0 times
        2611218 (19.91%) aligned exactly 1 time
        177828 (1.36%) aligned >1 times
79.48% overall alignment rate
24371724 reads; of these:
  24371724 (100.00%) were paired; of these:
    13713127 (56.27%) aligned concordantly 0 times
    10314066 (42.32%) aligned concordantly exactly 1 time
    344531 (1.41%) aligned concordantly >1 times
    ----
    13713127 pairs aligned concordantly 0 times; of these:
      29992 (0.22%) aligned discordantly 1 time
    ----
    13683135 pairs aligned 0 times concordantly or discordantly; of these:
      27366270 mates make up the pairs; of these:
        26008565 (95.04%) aligned 0 times
        1283306 (4.69%) aligned exactly 1 time
        74399 (0.27%) aligned >1 times
46.64% overall alignment rate
22423230 reads; of these:
  22423230 (100.00%) were paired; of these:
    5951141 (26.54%) aligned concordantly 0 times
    16012696 (71.41%) aligned concordantly exactly 1 time
    459393 (2.05%) aligned concordantly >1 times
    ----
    5951141 pairs aligned concordantly 0 times; of these:
      50574 (0.85%) aligned discordantly 1 time
    ----
    5900567 pairs aligned 0 times concordantly or discordantly; of these:
      11801134 mates make up the pairs; of these:
        9327950 (79.04%) aligned 0 times
        2344465 (19.87%) aligned exactly 1 time
        128719 (1.09%) aligned >1 times
79.20% overall alignment rate
21462348 reads; of these:
  21462348 (100.00%) were paired; of these:
    8782819 (40.92%) aligned concordantly 0 times
    12316069 (57.38%) aligned concordantly exactly 1 time
    363460 (1.69%) aligned concordantly >1 times
    ----
    8782819 pairs aligned concordantly 0 times; of these:
      31522 (0.36%) aligned discordantly 1 time
    ----
    8751297 pairs aligned 0 times concordantly or discordantly; of these:
      17502594 mates make up the pairs; of these:
        15718108 (89.80%) aligned 0 times
        1679678 (9.60%) aligned exactly 1 time
        104808 (0.60%) aligned >1 times
63.38% overall alignment rate
25846623 reads; of these:
  25846623 (100.00%) were paired; of these:
    7112902 (27.52%) aligned concordantly 0 times
    18079024 (69.95%) aligned concordantly exactly 1 time
    654697 (2.53%) aligned concordantly >1 times
    ----
    7112902 pairs aligned concordantly 0 times; of these:
      52489 (0.74%) aligned discordantly 1 time
    ----
    7060413 pairs aligned 0 times concordantly or discordantly; of these:
      14120826 mates make up the pairs; of these:
        11477876 (81.28%) aligned 0 times
        2477249 (17.54%) aligned exactly 1 time
        165701 (1.17%) aligned >1 times
77.80% overall alignment rate
25489092 reads; of these:
  25489092 (100.00%) were paired; of these:
    5900225 (23.15%) aligned concordantly 0 times
    18934080 (74.28%) aligned concordantly exactly 1 time
    654787 (2.57%) aligned concordantly >1 times
    ----
    5900225 pairs aligned concordantly 0 times; of these:
      57450 (0.97%) aligned discordantly 1 time
    ----
    5842775 pairs aligned 0 times concordantly or discordantly; of these:
      11685550 mates make up the pairs; of these:
        9330768 (79.85%) aligned 0 times
        2226836 (19.06%) aligned exactly 1 time
        127946 (1.09%) aligned >1 times
81.70% overall alignment rate
